<?xml version="1.0" encoding="UTF-8"?>
<testsuite xmlns:xsi="http://www.w3.org/2001/XMLSchema-instance" xsi:schemaLocation="https://maven.apache.org/surefire/maven-surefire-plugin/xsd/surefire-test-report.xsd" name="TestSuite" time="93.48" tests="1" errors="0" skipped="0" failures="0">
  <properties>
    <property name="java.runtime.name" value="Java(TM) SE Runtime Environment"/>
    <property name="sun.boot.library.path" value="D:\Astudy\Java\jdk1.8.0_151\jre\bin"/>
    <property name="java.vm.version" value="25.151-b12"/>
    <property name="java.vm.vendor" value="Oracle Corporation"/>
    <property name="maven.multiModuleProjectDirectory" value="F:\eclipsework\eclipse-workspace\dx"/>
    <property name="java.vendor.url" value="http://java.oracle.com/"/>
    <property name="path.separator" value=";"/>
    <property name="guice.disable.misplaced.annotation.check" value="true"/>
    <property name="java.vm.name" value="Java HotSpot(TM) 64-Bit Server VM"/>
    <property name="file.encoding.pkg" value="sun.io"/>
    <property name="user.script" value=""/>
    <property name="user.country" value="CN"/>
    <property name="sun.java.launcher" value="SUN_STANDARD"/>
    <property name="sun.os.patch.level" value=""/>
    <property name="java.vm.specification.name" value="Java Virtual Machine Specification"/>
    <property name="user.dir" value="F:\eclipsework\eclipse-workspace\dx"/>
    <property name="java.runtime.version" value="1.8.0_151-b12"/>
    <property name="java.awt.graphicsenv" value="sun.awt.Win32GraphicsEnvironment"/>
    <property name="java.endorsed.dirs" value="D:\Astudy\Java\jdk1.8.0_151\jre\lib\endorsed"/>
    <property name="os.arch" value="amd64"/>
    <property name="java.io.tmpdir" value="C:\Users\dengx\AppData\Local\Temp\"/>
    <property name="line.separator" value="&#10;"/>
    <property name="java.vm.specification.vendor" value="Oracle Corporation"/>
    <property name="user.variant" value=""/>
    <property name="os.name" value="Windows 10"/>
    <property name="classworlds.conf" value="F:\eclipsework\eclipse-workspace\.metadata\.plugins\org.eclipse.m2e.launching\launches\m2conf5433412606867531142.tmp"/>
    <property name="sun.jnu.encoding" value="GBK"/>
    <property name="java.library.path" value="D:\Astudy\Java\jdk1.8.0_151\bin;C:\Windows\Sun\Java\bin;C:\Windows\system32;C:\Windows;D:/Astudy/Java/jre/bin/server;D:/Astudy/Java/jre/bin;D:/Astudy/Java/jre/lib/amd64;E:\python\Python36\Scripts\;E:\python\Python36\;D:\Oracle\product\11.2.0\client_1\bin;C:\ProgramData\Oracle\Java\javapath;C:\Windows\system32;C:\Windows;C:\Windows\System32\Wbem;C:\Windows\System32\WindowsPowerShell\v1.0\;C:\Program Files (x86)\NVIDIA Corporation\PhysX\Common;C:\Program Files\Intel\WiFi\bin\;C:\Program Files\Common Files\Intel\WirelessCommon\;D:\Astudy\Java\jdk1.8.0_151\bin;D:\Astudy\Java\jdk1.8.0_151\jre\bin;C:\Program Files (x86)\Common Files\Thunder Network\KanKan\Codecs;D:\SDK\adt-bundle-windows-x86_64-20140702\sdk\platform-tools;C:\Program Files (x86)\Appium\node_modules\.bin;D:\SDK\adt-bundle-windows-x86_64-20140702\sdk\tools;C:\Program Files\nodejs;D:\SDK\moni\Nox\bin;D:\SDK\maven\apache-maven-3.6.0\bin;C:\Users\dengx\AppData\Local\Microsoft\WindowsApps;C:\Program Files\Intel\WiFi\bin\;C:\Program Files\Common Files\Intel\WirelessCommon\;D:\Astudy\eclipse\jee-oxygen\eclipse;;."/>
    <property name="java.specification.name" value="Java Platform API Specification"/>
    <property name="java.class.version" value="52.0"/>
    <property name="sun.management.compiler" value="HotSpot 64-Bit Tiered Compilers"/>
    <property name="os.version" value="10.0"/>
    <property name="user.home" value="C:\Users\dengx"/>
    <property name="user.timezone" value="Asia/Shanghai"/>
    <property name="java.awt.printerjob" value="sun.awt.windows.WPrinterJob"/>
    <property name="java.specification.version" value="1.8"/>
    <property name="file.encoding" value="UTF-8"/>
    <property name="user.name" value="dengx"/>
    <property name="java.class.path" value="D:\SDK\maven\apache-maven-3.6.0\boot\plexus-classworlds-2.5.2.jar"/>
    <property name="java.vm.specification.version" value="1.8"/>
    <property name="sun.arch.data.model" value="64"/>
    <property name="java.home" value="D:\Astudy\Java\jdk1.8.0_151\jre"/>
    <property name="sun.java.command" value="org.codehaus.plexus.classworlds.launcher.Launcher -B -gs D:\SDK\maven\apache-maven-3.6.0\conf\settings.xml test"/>
    <property name="java.specification.vendor" value="Oracle Corporation"/>
    <property name="user.language" value="zh"/>
    <property name="awt.toolkit" value="sun.awt.windows.WToolkit"/>
    <property name="java.vm.info" value="mixed mode"/>
    <property name="java.version" value="1.8.0_151"/>
    <property name="java.ext.dirs" value="D:\Astudy\Java\jdk1.8.0_151\jre\lib\ext;C:\Windows\Sun\Java\lib\ext"/>
    <property name="sun.boot.class.path" value="D:\Astudy\Java\jre\lib\resources.jar;D:\Astudy\Java\jre\lib\rt.jar;D:\Astudy\Java\jre\lib\jsse.jar;D:\Astudy\Java\jre\lib\jce.jar;D:\Astudy\Java\jre\lib\charsets.jar;D:\Astudy\Java\jre\lib\jfr.jar;D:\Astudy\Java\jre\lib\ext\access-bridge-64.jar;D:\Astudy\Java\jre\lib\ext\cldrdata.jar;D:\Astudy\Java\jre\lib\ext\dnsns.jar;D:\Astudy\Java\jre\lib\ext\dns_sd.jar;D:\Astudy\Java\jre\lib\ext\jaccess.jar;D:\Astudy\Java\jre\lib\ext\jfxrt.jar;D:\Astudy\Java\jre\lib\ext\localedata.jar;D:\Astudy\Java\jre\lib\ext\nashorn.jar;D:\Astudy\Java\jre\lib\ext\sunec.jar;D:\Astudy\Java\jre\lib\ext\sunjce_provider.jar;D:\Astudy\Java\jre\lib\ext\sunmscapi.jar;D:\Astudy\Java\jre\lib\ext\sunpkcs11.jar;D:\Astudy\Java\jre\lib\ext\zipfs.jar"/>
    <property name="java.vendor" value="Oracle Corporation"/>
    <property name="maven.home" value="D:\SDK\maven\apache-maven-3.6.0"/>
    <property name="file.separator" value="\"/>
    <property name="java.vendor.url.bug" value="http://bugreport.sun.com/bugreport/"/>
    <property name="sun.cpu.endian" value="little"/>
    <property name="sun.io.unicode.encoding" value="UnicodeLittle"/>
    <property name="sun.desktop" value="windows"/>
    <property name="sun.cpu.isalist" value="amd64"/>
  </properties>
  <testcase name="test_register_sucess" classname="com.dx.testScripts.TestRegister" time="70.408"/>
</testsuite>