<?xml version="1.0" encoding="UTF-8"?>
<!-- Generated by org.testng.reporters.JUnitReportReporter -->
<testsuite hostname="DESKTOP-UHCE5TL" name="com.dx.testScripts.TestRegister类赋值" tests="1" failures="0" timestamp="27 Mar 2019 12:20:03 GMT" time="39.088" errors="0">
  <testcase name="test_Register_sucess" time="39.088" classname="com.dx.testScripts.TestRegister类赋值"/>
</testsuite> <!-- com.dx.testScripts.TestRegister类赋值 -->
