<?xml version="1.0" encoding="UTF-8"?>
<!-- Generated by org.testng.reporters.JUnitReportReporter -->
<testsuite hostname="DESKTOP-UHCE5TL" name="com.dx.testScripts.Test1" tests="1" failures="0" timestamp="27 Mar 2019 12:17:10 GMT" time="4.295" errors="0">
  <testcase name="testWebApp" time="4.295" classname="com.dx.testScripts.Test1"/>
</testsuite> <!-- com.dx.testScripts.Test1 -->
