<?xml version="1.0" encoding="UTF-8"?>
<!-- Generated by org.testng.reporters.JUnitReportReporter -->
<testsuite hostname="DESKTOP-UHCE5TL" name="com.dx.testScripts.TestRegister" tests="1" failures="0" timestamp="29 Mar 2019 06:15:24 GMT" time="70.008" errors="0">
  <testcase name="test_register_sucess" time="70.008" classname="com.dx.testScripts.TestRegister"/>
</testsuite> <!-- com.dx.testScripts.TestRegister -->
